<?xml version="1.0" encoding="utf-8"?><testsuites><testsuite name="pytest" errors="0" failures="0" skipped="0" tests="3" time="17.305" timestamp="2025-04-18T18:44:36.800550-07:00" hostname="Jennis-MacBook-Air.local"><testcase classname="test_HomePage.TestHomePage" name="test_formSubmission[getData0]" time="5.216" /><testcase classname="test_HomePage.TestHomePage" name="test_formSubmission[getData1]" time="0.545" /><testcase classname="test_e2e.TestOne" name="test_e2e" time="11.515" /></testsuite></testsuites>